wandb: Currently logged in as: mnhhuyen-26 (huyennm). Use `wandb login --relogin` to force relogin
wandb: wandb version 0.15.4 is available!  To upgrade, please run:
wandb:  $ pip install wandb --upgrade
wandb: Tracking run with wandb version 0.14.0
wandb: Run data is saved locally in /media/data/huyennm/ML/wandb/run-20230705_071801-ytypo1zp
wandb: Run `wandb offline` to turn off syncing.
wandb: Syncing run WES_ws_16_with_learning_rate_0.0015
wandb: ⭐️ View project at https://wandb.ai/huyennm/Mutation_Detection_Comparation_Of_Learning_Rate_V2
wandb: 🚀 View run at https://wandb.ai/huyennm/Mutation_Detection_Comparation_Of_Learning_Rate_V2/runs/ytypo1zp
Training with WES datasets --- Window size = 16
[ 0  1  2  3  4  5  6  7  8  9 10 11 12 13 14 15 16 17 18 19 20 21]
219477 219477
(197529, 5, 33, 3) (197529, 3)
(21948, 5, 33, 3) (21948, 3)
(896, 5, 33, 3) (896, 3)
Training set: Non-somatic: 109206.0, SNV: 84778.0, INDEL: 3545.0
Validation set: Non-somatic: 12150.0, SNV: 9391.0, INDEL: 407.0
Balanced weights: [0.14904647 0.19026911 0.32735109]
Config: {'batch_size': 256, 'shuffle': True, 'num_workers': 3}
100
Training infor:
 - epoch: 100 
 - Leanring rate: 0.0015 
 - Learning rate scheduler: True 
 - Early stopping: True 

[INFO] training the network...
/media/data/huyennm/.local/lib/python3.10/site-packages/torch/optim/lr_scheduler.py:265: UserWarning: To get the last learning rate computed by the scheduler, please use `get_last_lr()`.
  warnings.warn("To get the last learning rate computed by the scheduler, "
[epoch: 1 -- Lr: [0.0015] -- time: 5.5780556201934814s]  --- Acc_train: 0.6703724516400124 --- loss_train : 0.10902129989565518 --- Acc_val: 0.7303171131765992 --- loss_val : 0.09479112280730873 --- f1_score: 0.7301072293422004
/media/data/huyennm/.local/lib/python3.10/site-packages/torch/optim/lr_scheduler.py:265: UserWarning: To get the last learning rate computed by the scheduler, please use `get_last_lr()`.
  warnings.warn("To get the last learning rate computed by the scheduler, "
[epoch: 2 -- Lr: [0.0015] -- time: 4.184355020523071s]  --- Acc_train: 0.7475104921302694 --- loss_train : 0.09164670039182173 --- Acc_val: 0.7565154000364498 --- loss_val : 0.09029589253314418 --- f1_score: 0.7571322851151658
/media/data/huyennm/.local/lib/python3.10/site-packages/torch/optim/lr_scheduler.py:265: UserWarning: To get the last learning rate computed by the scheduler, please use `get_last_lr()`.
  warnings.warn("To get the last learning rate computed by the scheduler, "
[epoch: 3 -- Lr: [0.0015] -- time: 4.074832439422607s]  --- Acc_train: 0.7546588095925155 --- loss_train : 0.08945122132236341 --- Acc_val: 0.7613905595042828 --- loss_val : 0.08796529206535833 --- f1_score: 0.7619255723432574
/media/data/huyennm/.local/lib/python3.10/site-packages/torch/optim/lr_scheduler.py:265: UserWarning: To get the last learning rate computed by the scheduler, please use `get_last_lr()`.
  warnings.warn("To get the last learning rate computed by the scheduler, "
[epoch: 4 -- Lr: [0.0015] -- time: 4.254331827163696s]  --- Acc_train: 0.7587797234836404 --- loss_train : 0.08817119941082074 --- Acc_val: 0.758656825223255 --- loss_val : 0.08826355526845871 --- f1_score: 0.7595190430547794
/media/data/huyennm/.local/lib/python3.10/site-packages/torch/optim/lr_scheduler.py:265: UserWarning: To get the last learning rate computed by the scheduler, please use `get_last_lr()`.
  warnings.warn("To get the last learning rate computed by the scheduler, "
[epoch: 5 -- Lr: [0.0015] -- time: 4.334258556365967s]  --- Acc_train: 0.7619640660358732 --- loss_train : 0.08710259102361217 --- Acc_val: 0.7546017860397303 --- loss_val : 0.08843685159945947 --- f1_score: 0.7554341701883589
/media/data/huyennm/.local/lib/python3.10/site-packages/torch/optim/lr_scheduler.py:265: UserWarning: To get the last learning rate computed by the scheduler, please use `get_last_lr()`.
  warnings.warn("To get the last learning rate computed by the scheduler, "
[epoch: 6 -- Lr: [0.0015] -- time: 4.178851366043091s]  --- Acc_train: 0.7642827129181031 --- loss_train : 0.08649131573656034 --- Acc_val: 0.7612538727902315 --- loss_val : 0.08617984972133412 --- f1_score: 0.762377194353301
/media/data/huyennm/.local/lib/python3.10/site-packages/torch/optim/lr_scheduler.py:265: UserWarning: To get the last learning rate computed by the scheduler, please use `get_last_lr()`.
  warnings.warn("To get the last learning rate computed by the scheduler, "
[epoch: 7 -- Lr: [0.0015] -- time: 3.968040704727173s]  --- Acc_train: 0.765963478780331 --- loss_train : 0.08576855616826913 --- Acc_val: 0.7561053398942956 --- loss_val : 0.0856592859312437 --- f1_score: 0.7569487649081983
/media/data/huyennm/.local/lib/python3.10/site-packages/torch/optim/lr_scheduler.py:265: UserWarning: To get the last learning rate computed by the scheduler, please use `get_last_lr()`.
  warnings.warn("To get the last learning rate computed by the scheduler, "
[epoch: 8 -- Lr: [0.0015] -- time: 4.568618297576904s]  --- Acc_train: 0.7666013598003332 --- loss_train : 0.08524118714460484 --- Acc_val: 0.7658100965919445 --- loss_val : 0.08443077252713962 --- f1_score: 0.7668245265020068
/media/data/huyennm/.local/lib/python3.10/site-packages/torch/optim/lr_scheduler.py:265: UserWarning: To get the last learning rate computed by the scheduler, please use `get_last_lr()`.
  warnings.warn("To get the last learning rate computed by the scheduler, "
[epoch: 9 -- Lr: [0.0015] -- time: 4.160045385360718s]  --- Acc_train: 0.7692389471925641 --- loss_train : 0.08457524593465142 --- Acc_val: 0.7665390924002187 --- loss_val : 0.08525462096653913 --- f1_score: 0.7677326843657861
/media/data/huyennm/.local/lib/python3.10/site-packages/torch/optim/lr_scheduler.py:265: UserWarning: To get the last learning rate computed by the scheduler, please use `get_last_lr()`.
  warnings.warn("To get the last learning rate computed by the scheduler, "
[epoch: 10 -- Lr: [0.0015] -- time: 4.241473436355591s]  --- Acc_train: 0.7693806985303424 --- loss_train : 0.0842101296482804 --- Acc_val: 0.7681337707308183 --- loss_val : 0.08771910909428815 --- f1_score: 0.7659176429157575
/media/data/huyennm/.local/lib/python3.10/site-packages/torch/optim/lr_scheduler.py:265: UserWarning: To get the last learning rate computed by the scheduler, please use `get_last_lr()`.
  warnings.warn("To get the last learning rate computed by the scheduler, "
[epoch: 11 -- Lr: [0.0015] -- time: 4.024220705032349s]  --- Acc_train: 0.7700641424803446 --- loss_train : 0.08392711578111882 --- Acc_val: 0.7658556588299618 --- loss_val : 0.08839064636302094 --- f1_score: 0.7635939047006706
/media/data/huyennm/.local/lib/python3.10/site-packages/torch/optim/lr_scheduler.py:265: UserWarning: To get the last learning rate computed by the scheduler, please use `get_last_lr()`.
  warnings.warn("To get the last learning rate computed by the scheduler, "
[epoch: 12 -- Lr: [0.0015] -- time: 4.350968360900879s]  --- Acc_train: 0.7707172111436802 --- loss_train : 0.08344124890671202 --- Acc_val: 0.7612083105522143 --- loss_val : 0.08685274118901319 --- f1_score: 0.7619133029262614
/media/data/huyennm/.local/lib/python3.10/site-packages/torch/optim/lr_scheduler.py:265: UserWarning: To get the last learning rate computed by the scheduler, please use `get_last_lr()`.
  warnings.warn("To get the last learning rate computed by the scheduler, "
[epoch: 13 -- Lr: [0.0015] -- time: 4.1162474155426025s]  --- Acc_train: 0.7714057176414603 --- loss_train : 0.08318045543949178 --- Acc_val: 0.7715965008201203 --- loss_val : 0.08604179696371561 --- f1_score: 0.7707870378692112
/media/data/huyennm/.local/lib/python3.10/site-packages/torch/optim/lr_scheduler.py:265: UserWarning: To get the last learning rate computed by the scheduler, please use `get_last_lr()`.
  warnings.warn("To get the last learning rate computed by the scheduler, "
[epoch: 14 -- Lr: [0.0015] -- time: 4.38294243812561s]  --- Acc_train: 0.7723017885981299 --- loss_train : 0.08308600579188354 --- Acc_val: 0.7718698742482231 --- loss_val : 0.08419246516864837 --- f1_score: 0.7723629895272114
/media/data/huyennm/.local/lib/python3.10/site-packages/torch/optim/lr_scheduler.py:265: UserWarning: To get the last learning rate computed by the scheduler, please use `get_last_lr()`.
  warnings.warn("To get the last learning rate computed by the scheduler, "
[epoch: 15 -- Lr: [0.0015] -- time: 4.166625022888184s]  --- Acc_train: 0.7737547398103569 --- loss_train : 0.08260288392021631 --- Acc_val: 0.7762894113358848 --- loss_val : 0.08446824315669943 --- f1_score: 0.7760076967625322
/media/data/huyennm/.local/lib/python3.10/site-packages/torch/optim/lr_scheduler.py:265: UserWarning: To get the last learning rate computed by the scheduler, please use `get_last_lr()`.
  warnings.warn("To get the last learning rate computed by the scheduler, "
[epoch: 16 -- Lr: [0.0015] -- time: 4.177960634231567s]  --- Acc_train: 0.7745343721681374 --- loss_train : 0.08239620473779444 --- Acc_val: 0.7722799343903772 --- loss_val : 0.08472892599224209 --- f1_score: 0.7729000366616892
/media/data/huyennm/.local/lib/python3.10/site-packages/torch/optim/lr_scheduler.py:265: UserWarning: To get the last learning rate computed by the scheduler, please use `get_last_lr()`.
  warnings.warn("To get the last learning rate computed by the scheduler, "
[epoch: 17 -- Lr: [0.0015] -- time: 4.140821695327759s]  --- Acc_train: 0.7741040556070248 --- loss_train : 0.0823683221365757 --- Acc_val: 0.7731911791507199 --- loss_val : 0.08311703520612329 --- f1_score: 0.7735196421606277
/media/data/huyennm/.local/lib/python3.10/site-packages/torch/optim/lr_scheduler.py:265: UserWarning: To get the last learning rate computed by the scheduler, please use `get_last_lr()`.
  warnings.warn("To get the last learning rate computed by the scheduler, "
[epoch: 18 -- Lr: [0.0015] -- time: 4.266904830932617s]  --- Acc_train: 0.7753342547170289 --- loss_train : 0.08209909707605975 --- Acc_val: 0.7716876252961545 --- loss_val : 0.08319431882057414 --- f1_score: 0.7724886452312184
/media/data/huyennm/.local/lib/python3.10/site-packages/torch/optim/lr_scheduler.py:265: UserWarning: To get the last learning rate computed by the scheduler, please use `get_last_lr()`.
  warnings.warn("To get the last learning rate computed by the scheduler, "
[epoch: 19 -- Lr: [0.0015] -- time: 4.450031757354736s]  --- Acc_train: 0.7744533714036926 --- loss_train : 0.08212308706121625 --- Acc_val: 0.7701840714415892 --- loss_val : 0.08319087371495834 --- f1_score: 0.7711217642772096
/media/data/huyennm/.local/lib/python3.10/site-packages/torch/optim/lr_scheduler.py:265: UserWarning: To get the last learning rate computed by the scheduler, please use `get_last_lr()`.
  warnings.warn("To get the last learning rate computed by the scheduler, "
[epoch: 20 -- Lr: [0.0015] -- time: 4.131857872009277s]  --- Acc_train: 0.7765847040181442 --- loss_train : 0.0816950564685791 --- Acc_val: 0.7529615454711135 --- loss_val : 0.08701606638383581 --- f1_score: 0.7534757580798475
/media/data/huyennm/.local/lib/python3.10/site-packages/torch/optim/lr_scheduler.py:265: UserWarning: To get the last learning rate computed by the scheduler, please use `get_last_lr()`.
  warnings.warn("To get the last learning rate computed by the scheduler, "
[epoch: 21 -- Lr: [0.0015] -- time: 4.458971261978149s]  --- Acc_train: 0.775430443124807 --- loss_train : 0.08157354920798074 --- Acc_val: 0.7720065609622745 --- loss_val : 0.08458958606446318 --- f1_score: 0.7712320565152396
/media/data/huyennm/.local/lib/python3.10/site-packages/torch/optim/lr_scheduler.py:265: UserWarning: To get the last learning rate computed by the scheduler, please use `get_last_lr()`.
  warnings.warn("To get the last learning rate computed by the scheduler, "
[epoch: 22 -- Lr: [0.0015] -- time: 4.459073543548584s]  --- Acc_train: 0.7768327688592561 --- loss_train : 0.08149261726440221 --- Acc_val: 0.6981501731365045 --- loss_val : 0.15264542288790514 --- f1_score: 0.6925715584941722
/media/data/huyennm/.local/lib/python3.10/site-packages/torch/optim/lr_scheduler.py:265: UserWarning: To get the last learning rate computed by the scheduler, please use `get_last_lr()`.
  warnings.warn("To get the last learning rate computed by the scheduler, "
[epoch: 23 -- Lr: [0.0015] -- time: 4.638336896896362s]  --- Acc_train: 0.776787205929256 --- loss_train : 0.0813547740177806 --- Acc_val: 0.7712775651540004 --- loss_val : 0.08582383522378086 --- f1_score: 0.7713388480092687
/media/data/huyennm/.local/lib/python3.10/site-packages/torch/optim/lr_scheduler.py:265: UserWarning: To get the last learning rate computed by the scheduler, please use `get_last_lr()`.
  warnings.warn("To get the last learning rate computed by the scheduler, "
[epoch: 24 -- Lr: [0.0015] -- time: 4.17763352394104s]  --- Acc_train: 0.7759670731892532 --- loss_train : 0.08128126669281147 --- Acc_val: 0.7433023510114817 --- loss_val : 0.09852592312047628 --- f1_score: 0.7430522393870544
/media/data/huyennm/.local/lib/python3.10/site-packages/torch/optim/lr_scheduler.py:265: UserWarning: To get the last learning rate computed by the scheduler, please use `get_last_lr()`.
  warnings.warn("To get the last learning rate computed by the scheduler, "
[epoch: 25 -- Lr: [0.0015] -- time: 4.375921249389648s]  --- Acc_train: 0.7773592738281467 --- loss_train : 0.08105643288569322 --- Acc_val: 0.768726079825041 --- loss_val : 0.08313389564102582 --- f1_score: 0.76943751010838
/media/data/huyennm/.local/lib/python3.10/site-packages/torch/optim/lr_scheduler.py:265: UserWarning: To get the last learning rate computed by the scheduler, please use `get_last_lr()`.
  warnings.warn("To get the last learning rate computed by the scheduler, "
[epoch: 26 -- Lr: [0.0015] -- time: 4.219534397125244s]  --- Acc_train: 0.7774757124270361 --- loss_train : 0.08091634704513923 --- Acc_val: 0.7132312739201749 --- loss_val : 0.13770485904996208 --- f1_score: 0.7097882809283522
/media/data/huyennm/.local/lib/python3.10/site-packages/torch/optim/lr_scheduler.py:265: UserWarning: To get the last learning rate computed by the scheduler, please use `get_last_lr()`.
  warnings.warn("To get the last learning rate computed by the scheduler, "
[epoch: 27 -- Lr: [0.0015] -- time: 4.394361734390259s]  --- Acc_train: 0.7771365217259237 --- loss_train : 0.08092777820592145 --- Acc_val: 0.7619373063604884 --- loss_val : 0.08602513643937962 --- f1_score: 0.7627572903486698
/media/data/huyennm/.local/lib/python3.10/site-packages/torch/optim/lr_scheduler.py:265: UserWarning: To get the last learning rate computed by the scheduler, please use `get_last_lr()`.
  warnings.warn("To get the last learning rate computed by the scheduler, "
[epoch: 28 -- Lr: [0.0015] -- time: 4.598299264907837s]  --- Acc_train: 0.778265469880372 --- loss_train : 0.08077599418058971 --- Acc_val: 0.7757882267176964 --- loss_val : 0.08468914950196325 --- f1_score: 0.7738193351189862
/media/data/huyennm/.local/lib/python3.10/site-packages/torch/optim/lr_scheduler.py:265: UserWarning: To get the last learning rate computed by the scheduler, please use `get_last_lr()`.
  warnings.warn("To get the last learning rate computed by the scheduler, "
[epoch: 29 -- Lr: [0.0015] -- time: 4.499666213989258s]  --- Acc_train: 0.7781692814725939 --- loss_train : 0.08060513251600615 --- Acc_val: 0.7710041917258976 --- loss_val : 0.08211973209141774 --- f1_score: 0.7718849443650264
/media/data/huyennm/.local/lib/python3.10/site-packages/torch/optim/lr_scheduler.py:265: UserWarning: To get the last learning rate computed by the scheduler, please use `get_last_lr()`.
  warnings.warn("To get the last learning rate computed by the scheduler, "
[epoch: 30 -- Lr: [0.0015] -- time: 4.208436012268066s]  --- Acc_train: 0.7786805987981511 --- loss_train : 0.08061275051255576 --- Acc_val: 0.7734645525788226 --- loss_val : 0.08371268396150323 --- f1_score: 0.7732160455022181
/media/data/huyennm/.local/lib/python3.10/site-packages/torch/optim/lr_scheduler.py:265: UserWarning: To get the last learning rate computed by the scheduler, please use `get_last_lr()`.
  warnings.warn("To get the last learning rate computed by the scheduler, "
[epoch: 31 -- Lr: [0.0015] -- time: 4.553099155426025s]  --- Acc_train: 0.7777693401981481 --- loss_train : 0.08069491046630595 --- Acc_val: 0.7768361581920904 --- loss_val : 0.08211379442286333 --- f1_score: 0.7773071841491768
/media/data/huyennm/.local/lib/python3.10/site-packages/torch/optim/lr_scheduler.py:265: UserWarning: To get the last learning rate computed by the scheduler, please use `get_last_lr()`.
  warnings.warn("To get the last learning rate computed by the scheduler, "
[epoch: 32 -- Lr: [0.00135] -- time: 4.300294876098633s]  --- Acc_train: 0.7802702388003787 --- loss_train : 0.08006995762338887 --- Acc_val: 0.7286313103699654 --- loss_val : 0.10241663314110531 --- f1_score: 0.7270152476276179
/media/data/huyennm/.local/lib/python3.10/site-packages/torch/optim/lr_scheduler.py:265: UserWarning: To get the last learning rate computed by the scheduler, please use `get_last_lr()`.
  warnings.warn("To get the last learning rate computed by the scheduler, "
[epoch: 33 -- Lr: [0.0012150000000000002] -- time: 4.0808327198028564s]  --- Acc_train: 0.7804423654248237 --- loss_train : 0.079923837033258 --- Acc_val: 0.7720065609622745 --- loss_val : 0.08157647500102003 --- f1_score: 0.7726943711661295
/media/data/huyennm/.local/lib/python3.10/site-packages/torch/optim/lr_scheduler.py:265: UserWarning: To get the last learning rate computed by the scheduler, please use `get_last_lr()`.
  warnings.warn("To get the last learning rate computed by the scheduler, "
[epoch: 34 -- Lr: [0.0010935] -- time: 4.103047132492065s]  --- Acc_train: 0.7810701213492702 --- loss_train : 0.07959674896164637 --- Acc_val: 0.7620739930745398 --- loss_val : 0.08542756989204865 --- f1_score: 0.7626358527608378
/media/data/huyennm/.local/lib/python3.10/site-packages/torch/optim/lr_scheduler.py:265: UserWarning: To get the last learning rate computed by the scheduler, please use `get_last_lr()`.
  warnings.warn("To get the last learning rate computed by the scheduler, "
[epoch: 35 -- Lr: [0.00098415] -- time: 4.345149278640747s]  --- Acc_train: 0.7821636316692738 --- loss_train : 0.07915924096363901 --- Acc_val: 0.7542828503736103 --- loss_val : 0.08576860251230624 --- f1_score: 0.7542685091534321
/media/data/huyennm/.local/lib/python3.10/site-packages/torch/optim/lr_scheduler.py:265: UserWarning: To get the last learning rate computed by the scheduler, please use `get_last_lr()`.
  warnings.warn("To get the last learning rate computed by the scheduler, "
[epoch: 36 -- Lr: [0.0008857350000000001] -- time: 4.093745946884155s]  --- Acc_train: 0.782776199950387 --- loss_train : 0.0788280014920998 --- Acc_val: 0.7679970840167669 --- loss_val : 0.08316781100570872 --- f1_score: 0.7687359699009231
/media/data/huyennm/.local/lib/python3.10/site-packages/torch/optim/lr_scheduler.py:265: UserWarning: To get the last learning rate computed by the scheduler, please use `get_last_lr()`.
  warnings.warn("To get the last learning rate computed by the scheduler, "
[epoch: 37 -- Lr: [0.0007971615000000001] -- time: 4.113741636276245s]  --- Acc_train: 0.7830394524348323 --- loss_train : 0.07875050485995483 --- Acc_val: 0.7761982868598506 --- loss_val : 0.08131043201746847 --- f1_score: 0.7768317393875672
/media/data/huyennm/.local/lib/python3.10/site-packages/torch/optim/lr_scheduler.py:265: UserWarning: To get the last learning rate computed by the scheduler, please use `get_last_lr()`.
  warnings.warn("To get the last learning rate computed by the scheduler, "
[epoch: 38 -- Lr: [0.0007174453500000002] -- time: 4.268187761306763s]  --- Acc_train: 0.7845025287426151 --- loss_train : 0.07843339545180272 --- Acc_val: 0.7757882267176964 --- loss_val : 0.08069508851087522 --- f1_score: 0.7765773460398263
/media/data/huyennm/.local/lib/python3.10/site-packages/torch/optim/lr_scheduler.py:265: UserWarning: To get the last learning rate computed by the scheduler, please use `get_last_lr()`.
  warnings.warn("To get the last learning rate computed by the scheduler, "
[epoch: 39 -- Lr: [0.0006457008150000001] -- time: 4.446592330932617s]  --- Acc_train: 0.7839405859392798 --- loss_train : 0.07826326090339755 --- Acc_val: 0.7715965008201203 --- loss_val : 0.08133078918409276 --- f1_score: 0.7723044650321677
/media/data/huyennm/.local/lib/python3.10/site-packages/torch/optim/lr_scheduler.py:265: UserWarning: To get the last learning rate computed by the scheduler, please use `get_last_lr()`.
  warnings.warn("To get the last learning rate computed by the scheduler, "
[epoch: 40 -- Lr: [0.0005811307335000001] -- time: 4.018523216247559s]  --- Acc_train: 0.7844215279781703 --- loss_train : 0.07812267211867718 --- Acc_val: 0.7787042099507928 --- loss_val : 0.08042075222535205 --- f1_score: 0.7793521441469875
/media/data/huyennm/.local/lib/python3.10/site-packages/torch/optim/lr_scheduler.py:265: UserWarning: To get the last learning rate computed by the scheduler, please use `get_last_lr()`.
  warnings.warn("To get the last learning rate computed by the scheduler, "
[epoch: 41 -- Lr: [0.0005230176601500002] -- time: 4.355379581451416s]  --- Acc_train: 0.7847556561315048 --- loss_train : 0.07790696075059915 --- Acc_val: 0.77843083652269 --- loss_val : 0.08155900075776538 --- f1_score: 0.7786216393961075
/media/data/huyennm/.local/lib/python3.10/site-packages/torch/optim/lr_scheduler.py:265: UserWarning: To get the last learning rate computed by the scheduler, please use `get_last_lr()`.
  warnings.warn("To get the last learning rate computed by the scheduler, "
[epoch: 42 -- Lr: [0.0004707158941350001] -- time: 4.44309663772583s]  --- Acc_train: 0.785808666069286 --- loss_train : 0.07777450656581857 --- Acc_val: 0.7703207581556406 --- loss_val : 0.08182451185913811 --- f1_score: 0.7710782967776212
/media/data/huyennm/.local/lib/python3.10/site-packages/torch/optim/lr_scheduler.py:265: UserWarning: To get the last learning rate computed by the scheduler, please use `get_last_lr()`.
  warnings.warn("To get the last learning rate computed by the scheduler, "
[epoch: 43 -- Lr: [0.0004236443047215002] -- time: 4.0400309562683105s]  --- Acc_train: 0.7865376729492884 --- loss_train : 0.07754715227769879 --- Acc_val: 0.780845635137598 --- loss_val : 0.08080543372408924 --- f1_score: 0.7812730474597717
/media/data/huyennm/.local/lib/python3.10/site-packages/torch/optim/lr_scheduler.py:265: UserWarning: To get the last learning rate computed by the scheduler, please use `get_last_lr()`.
  warnings.warn("To get the last learning rate computed by the scheduler, "
[epoch: 44 -- Lr: [0.0003812798742493501] -- time: 3.9997432231903076s]  --- Acc_train: 0.7862693579170653 --- loss_train : 0.07754920683605177 --- Acc_val: 0.7729633679606343 --- loss_val : 0.08065589618975913 --- f1_score: 0.7737426077553671
/media/data/huyennm/.local/lib/python3.10/site-packages/torch/optim/lr_scheduler.py:265: UserWarning: To get the last learning rate computed by the scheduler, please use `get_last_lr()`.
  warnings.warn("To get the last learning rate computed by the scheduler, "
[epoch: 45 -- Lr: [0.00034315188682441515] -- time: 4.213861465454102s]  --- Acc_train: 0.7861225440315093 --- loss_train : 0.07722653213840172 --- Acc_val: 0.7784763987607072 --- loss_val : 0.08039616716841606 --- f1_score: 0.779034711845767
/media/data/huyennm/.local/lib/python3.10/site-packages/torch/optim/lr_scheduler.py:265: UserWarning: To get the last learning rate computed by the scheduler, please use `get_last_lr()`.
  warnings.warn("To get the last learning rate computed by the scheduler, "
[epoch: 46 -- Lr: [0.0003088366981419736] -- time: 4.407785177230835s]  --- Acc_train: 0.7868110505292893 --- loss_train : 0.07728449366044671 --- Acc_val: 0.7768361581920904 --- loss_val : 0.08019593494323697 --- f1_score: 0.7776426696440726
/media/data/huyennm/.local/lib/python3.10/site-packages/torch/optim/lr_scheduler.py:265: UserWarning: To get the last learning rate computed by the scheduler, please use `get_last_lr()`.
  warnings.warn("To get the last learning rate computed by the scheduler, "
[epoch: 47 -- Lr: [0.00027795302832777627] -- time: 4.530029296875s]  --- Acc_train: 0.7867351123126225 --- loss_train : 0.0771143023354604 --- Acc_val: 0.7793876435210497 --- loss_val : 0.08007598674689022 --- f1_score: 0.7800160922135991
/media/data/huyennm/.local/lib/python3.10/site-packages/torch/optim/lr_scheduler.py:265: UserWarning: To get the last learning rate computed by the scheduler, please use `get_last_lr()`.
  warnings.warn("To get the last learning rate computed by the scheduler, "
[epoch: 48 -- Lr: [0.00025015772549499864] -- time: 4.167277097702026s]  --- Acc_train: 0.7873274304026244 --- loss_train : 0.07709540171669163 --- Acc_val: 0.7745124840532167 --- loss_val : 0.08061126915024144 --- f1_score: 0.77525456645445
/media/data/huyennm/.local/lib/python3.10/site-packages/torch/optim/lr_scheduler.py:265: UserWarning: To get the last learning rate computed by the scheduler, please use `get_last_lr()`.
  warnings.warn("To get the last learning rate computed by the scheduler, "
[epoch: 49 -- Lr: [0.00022514195294549876] -- time: 4.235496997833252s]  --- Acc_train: 0.7872869300204021 --- loss_train : 0.07698355728997733 --- Acc_val: 0.7762438490978677 --- loss_val : 0.08007700058104593 --- f1_score: 0.7769721481733511
/media/data/huyennm/.local/lib/python3.10/site-packages/torch/optim/lr_scheduler.py:265: UserWarning: To get the last learning rate computed by the scheduler, please use `get_last_lr()`.
  warnings.warn("To get the last learning rate computed by the scheduler, "
[epoch: 50 -- Lr: [0.00020262775765094893] -- time: 4.5140180587768555s]  --- Acc_train: 0.7878286226326261 --- loss_train : 0.07669566835166342 --- Acc_val: 0.7809367596136322 --- loss_val : 0.08078873636038128 --- f1_score: 0.7810570172718688
/media/data/huyennm/.local/lib/python3.10/site-packages/torch/optim/lr_scheduler.py:265: UserWarning: To get the last learning rate computed by the scheduler, please use `get_last_lr()`.
  warnings.warn("To get the last learning rate computed by the scheduler, "
[epoch: 51 -- Lr: [0.00018236498188585403] -- time: 4.191213607788086s]  --- Acc_train: 0.7882285639070719 --- loss_train : 0.07674682451363779 --- Acc_val: 0.7781119008565701 --- loss_val : 0.07991406826848643 --- f1_score: 0.7788205880760716
/media/data/huyennm/.local/lib/python3.10/site-packages/torch/optim/lr_scheduler.py:265: UserWarning: To get the last learning rate computed by the scheduler, please use `get_last_lr()`.
  warnings.warn("To get the last learning rate computed by the scheduler, "
[epoch: 52 -- Lr: [0.00016412848369726864] -- time: 4.393134593963623s]  --- Acc_train: 0.7887601314237404 --- loss_train : 0.07670270879683934 --- Acc_val: 0.7806633861855294 --- loss_val : 0.08004963323841942 --- f1_score: 0.7811292116844468
/media/data/huyennm/.local/lib/python3.10/site-packages/torch/optim/lr_scheduler.py:265: UserWarning: To get the last learning rate computed by the scheduler, please use `get_last_lr()`.
  warnings.warn("To get the last learning rate computed by the scheduler, "
[epoch: 53 -- Lr: [0.00014771563532754177] -- time: 4.1128928661346436s]  --- Acc_train: 0.7887348186848513 --- loss_train : 0.07660368314881431 --- Acc_val: 0.7726444322945143 --- loss_val : 0.08067515554961098 --- f1_score: 0.7733751583437433
/media/data/huyennm/.local/lib/python3.10/site-packages/torch/optim/lr_scheduler.py:265: UserWarning: To get the last learning rate computed by the scheduler, please use `get_last_lr()`.
  warnings.warn("To get the last learning rate computed by the scheduler, "
[epoch: 54 -- Lr: [0.0001329440717947876] -- time: 4.241832971572876s]  --- Acc_train: 0.7885576295126285 --- loss_train : 0.07657968687602057 --- Acc_val: 0.7795243302351011 --- loss_val : 0.08007694235595272 --- f1_score: 0.780139557510231
/media/data/huyennm/.local/lib/python3.10/site-packages/torch/optim/lr_scheduler.py:265: UserWarning: To get the last learning rate computed by the scheduler, please use `get_last_lr()`.
  warnings.warn("To get the last learning rate computed by the scheduler, "
[epoch: 55 -- Lr: [0.00011964966461530884] -- time: 4.221790790557861s]  --- Acc_train: 0.788496878939295 --- loss_train : 0.07660019482675105 --- Acc_val: 0.7798888281392382 --- loss_val : 0.08001505746008422 --- f1_score: 0.7803539848367155
/media/data/huyennm/.local/lib/python3.10/site-packages/torch/optim/lr_scheduler.py:265: UserWarning: To get the last learning rate computed by the scheduler, please use `get_last_lr()`.
  warnings.warn("To get the last learning rate computed by the scheduler, "
[epoch: 56 -- Lr: [0.00010768469815377795] -- time: 4.2362141609191895s]  --- Acc_train: 0.7882538766459608 --- loss_train : 0.07649884772824891 --- Acc_val: 0.7788408966648441 --- loss_val : 0.07989185509117042 --- f1_score: 0.7794940843960176
/media/data/huyennm/.local/lib/python3.10/site-packages/torch/optim/lr_scheduler.py:265: UserWarning: To get the last learning rate computed by the scheduler, please use `get_last_lr()`.
  warnings.warn("To get the last learning rate computed by the scheduler, "
[epoch: 57 -- Lr: [9.691622833840017e-05] -- time: 4.1385178565979s]  --- Acc_train: 0.7882791893848499 --- loss_train : 0.0764999369216859 --- Acc_val: 0.7804355749954438 --- loss_val : 0.0805063930561811 --- f1_score: 0.7806569711758332
/media/data/huyennm/.local/lib/python3.10/site-packages/torch/optim/lr_scheduler.py:265: UserWarning: To get the last learning rate computed by the scheduler, please use `get_last_lr()`.
  warnings.warn("To get the last learning rate computed by the scheduler, "
[epoch: 58 -- Lr: [8.722460550456015e-05] -- time: 4.824551343917847s]  --- Acc_train: 0.7890689468381857 --- loss_train : 0.07638369938763617 --- Acc_val: 0.7770184071441589 --- loss_val : 0.08014215584204028 --- f1_score: 0.7777200615790102
/media/data/huyennm/.local/lib/python3.10/site-packages/torch/optim/lr_scheduler.py:265: UserWarning: To get the last learning rate computed by the scheduler, please use `get_last_lr()`.
  warnings.warn("To get the last learning rate computed by the scheduler, "
[epoch: 59 -- Lr: [7.850214495410414e-05] -- time: 4.649775981903076s]  --- Acc_train: 0.7890081962648523 --- loss_train : 0.07642377554495079 --- Acc_val: 0.7792965190450155 --- loss_val : 0.07995937441785883 --- f1_score: 0.7799577809112632
/media/data/huyennm/.local/lib/python3.10/site-packages/torch/optim/lr_scheduler.py:265: UserWarning: To get the last learning rate computed by the scheduler, please use `get_last_lr()`.
  warnings.warn("To get the last learning rate computed by the scheduler, "
[epoch: 60 -- Lr: [7.065193045869373e-05] -- time: 4.735886096954346s]  --- Acc_train: 0.7891701977937416 --- loss_train : 0.0762292079748125 --- Acc_val: 0.7783397120466558 --- loss_val : 0.07989577926437692 --- f1_score: 0.7790272157770414
/media/data/huyennm/.local/lib/python3.10/site-packages/torch/optim/lr_scheduler.py:265: UserWarning: To get the last learning rate computed by the scheduler, please use `get_last_lr()`.
  warnings.warn("To get the last learning rate computed by the scheduler, "
[epoch: 61 -- Lr: [6.358673741282436e-05] -- time: 4.646410942077637s]  --- Acc_train: 0.7889930086215189 --- loss_train : 0.07627110538925151 --- Acc_val: 0.7806178239475123 --- loss_val : 0.07974418435774609 --- f1_score: 0.7811647439290186
/media/data/huyennm/.local/lib/python3.10/site-packages/torch/optim/lr_scheduler.py:265: UserWarning: To get the last learning rate computed by the scheduler, please use `get_last_lr()`.
  warnings.warn("To get the last learning rate computed by the scheduler, "
[epoch: 62 -- Lr: [5.7228063671541924e-05] -- time: 4.328882217407227s]  --- Acc_train: 0.7892005730804085 --- loss_train : 0.07629295802910448 --- Acc_val: 0.7795243302351011 --- loss_val : 0.07988809090194525 --- f1_score: 0.7800915067275531
wandb: Waiting for W&B process to finish... (success).
wandb: 
wandb: Run history:
wandb:  acc_train ▁▆▆▆▇▇▇▇▇▇▇▇▇▇▇▇▇▇▇▇▇▇██████████████████
wandb:    acc_val ▄▆▆▆▆▇▇▇▇█▇▇▇▇▁▅▂▆▇▇▄▇▆▇████▇███████████
wandb:   f1_score ▄▆▆▆▆▇▇▇▇█▇▇▇▇▁▅▂▇▇▇▄▇▆▇████▇███████████
wandb: loss_train █▄▄▃▃▃▃▃▂▂▂▂▂▂▂▂▂▂▂▂▂▂▂▂▁▁▁▁▁▁▁▁▁▁▁▁▁▁▁▁
wandb:   loss_val ▂▂▂▂▂▁▂▂▂▁▁▁▁▁█▃▇▂▁▁▃▁▂▁▁▁▁▁▁▁▁▁▁▁▁▁▁▁▁▁
wandb:       time █▂▂▃▁▄▂▁▂▂▂▂▃▃▃▂▂▃▃▂▂▁▃▂▂▁▃▁▁▃▃▂▂▃▂▂▂▅▄▃
wandb: 
wandb: Run summary:
wandb:  acc_train 0.7892
wandb:    acc_val 0.77952
wandb:   f1_score 0.78009
wandb: loss_train 0.07629
wandb:   loss_val 0.07989
wandb:       time 4.32898
wandb: 
wandb: 🚀 View run WES_ws_16_with_learning_rate_0.0015 at: https://wandb.ai/huyennm/Mutation_Detection_Comparation_Of_Learning_Rate_V2/runs/ytypo1zp
wandb: Synced 6 W&B file(s), 0 media file(s), 2 artifact file(s) and 0 other file(s)
wandb: Find logs at: ./wandb/run-20230705_071801-ytypo1zp/logs
Stopping training in epoch 63
****** Testing model with best checkpoint******
[479. 239.  12.] [597. 283.  16.] [0.80234506 0.84452297 0.75      ] 0.8147321428571429
              precision    recall  f1-score   support

           0       0.91      0.80      0.85       597
           1       0.68      0.84      0.75       283
           2       0.80      0.75      0.77        16

    accuracy                           0.81       896
   macro avg       0.79      0.80      0.79       896
weighted avg       0.83      0.81      0.82       896

****** Testing model with last checkpoint******
[481. 237.  12.] [597. 283.  16.] [0.80569514 0.83745583 0.75      ] 0.8147321428571429
              precision    recall  f1-score   support

           0       0.91      0.81      0.85       597
           1       0.68      0.84      0.75       283
           2       0.67      0.75      0.71        16

    accuracy                           0.81       896
   macro avg       0.75      0.80      0.77       896
weighted avg       0.83      0.81      0.82       896

