/media/data/huyennm/ML/training_wes_copy.py:1: DeprecationWarning: The distutils package is deprecated and slated for removal in Python 3.12. Use setuptools or check PEP 632 for potential alternatives
  from distutils.command.config import config
wandb: Currently logged in as: mnhhuyen-26 (huyennm). Use `wandb login --relogin` to force relogin
wandb: - Waiting for wandb.init()...wandb: \ Waiting for wandb.init()...wandb: | Waiting for wandb.init()...wandb: / Waiting for wandb.init()...wandb: wandb version 0.15.4 is available!  To upgrade, please run:
wandb:  $ pip install wandb --upgrade
wandb: Tracking run with wandb version 0.14.0
wandb: Run data is saved locally in /media/data/huyennm/ML/wandb/run-20230614_173218-rq5zpq4i
wandb: Run `wandb offline` to turn off syncing.
wandb: Syncing run WES_ws_16
wandb: ⭐️ View project at https://wandb.ai/huyennm/Mutation_Detection_With_CNN%20
wandb: 🚀 View run at https://wandb.ai/huyennm/Mutation_Detection_With_CNN%20/runs/rq5zpq4i
Training with WES datasets --- Window size = 16
[ 0  1  2  3  4  5  6  7  8  9 10 11 12 13 14 15 16 17 18 19 20 21]
219477 219477
(197529, 5, 33, 3) (197529, 3)
(21948, 5, 33, 3) (21948, 3)
(896, 5, 33, 3) (896, 3)
Balanced weights: [0.14904647 0.19026911 0.32735109]
Config: {'batch_size': 32, 'shuffle': True, 'num_workers': 3}
100
Training infor:
 - epoch: 100 
 - Leanring rate: 0.001 
 - Learning rate scheduler: True 
 - Early stopping: False 

[INFO] training the network...
/media/data/huyennm/.local/lib/python3.10/site-packages/torch/optim/lr_scheduler.py:265: UserWarning: To get the last learning rate computed by the scheduler, please use `get_last_lr()`.
  warnings.warn("To get the last learning rate computed by the scheduler, "
[epoch: 1 -- Lr: [0.001] -- time: 113.46486330032349s]  --- Acc_train: 0.6238324499187461 --- loss_train : 0.11602251751504074 --- Acc_val: 0.6971933661381448 --- loss_val : 0.10359746731746748 --- f1_score: 0.6971900847071355
[epoch: 2 -- Lr: [0.001] -- time: 48.14530873298645s]  --- Acc_train: 0.7022158771623407 --- loss_train : 0.10106866338061272 --- Acc_val: 0.7043921997448515 --- loss_val : 0.09948819215884194 --- f1_score: 0.7035911616716211
[epoch: 3 -- Lr: [0.001] -- time: 63.759177684783936s]  --- Acc_train: 0.7126548506801533 --- loss_train : 0.09797196599220184 --- Acc_val: 0.713914707490432 --- loss_val : 0.09664913493940928 --- f1_score: 0.7141307807182843
[epoch: 4 -- Lr: [0.001] -- time: 50.79103875160217s]  --- Acc_train: 0.7173933954001691 --- loss_train : 0.09609966790642116 --- Acc_val: 0.7217969746673957 --- loss_val : 0.09459672052692578 --- f1_score: 0.7222644656646793
[epoch: 5 -- Lr: [0.001] -- time: 54.986163854599s]  --- Acc_train: 0.7253669081501957 --- loss_train : 0.09444714238721247 --- Acc_val: 0.7290869327501367 --- loss_val : 0.0932787363931883 --- f1_score: 0.7296826667227752
[epoch: 6 -- Lr: [0.001] -- time: 70.43536067008972s]  --- Acc_train: 0.7313457770757712 --- loss_train : 0.093234255986187 --- Acc_val: 0.7345544013121924 --- loss_val : 0.09272004481281292 --- f1_score: 0.735199107953973
[epoch: 7 -- Lr: [0.001] -- time: 44.3358154296875s]  --- Acc_train: 0.7348186848513383 --- loss_train : 0.09230594445069414 --- Acc_val: 0.7334153453617641 --- loss_val : 0.09132234061218943 --- f1_score: 0.7340796404548224
[epoch: 8 -- Lr: [0.001] -- time: 69.94691157341003s]  --- Acc_train: 0.7379625270213488 --- loss_train : 0.09155465508360916 --- Acc_val: 0.7421632950610534 --- loss_val : 0.09128895981489478 --- f1_score: 0.7430189293011604
[epoch: 9 -- Lr: [0.001] -- time: 53.70020341873169s]  --- Acc_train: 0.7424732570913638 --- loss_train : 0.09086196466347472 --- Acc_val: 0.7417532349188992 --- loss_val : 0.09000489305795042 --- f1_score: 0.7425096541417272
[epoch: 10 -- Lr: [0.001] -- time: 61.166582107543945s]  --- Acc_train: 0.7440527719980358 --- loss_train : 0.09044355635939125 --- Acc_val: 0.7448514671040641 --- loss_val : 0.09044350375589635 --- f1_score: 0.7457719513023945
[epoch: 11 -- Lr: [0.001] -- time: 66.44645547866821s]  --- Acc_train: 0.746513170218044 --- loss_train : 0.08992099216312541 --- Acc_val: 0.7394751230180426 --- loss_val : 0.09055312843118832 --- f1_score: 0.7398526995597564
[epoch: 12 -- Lr: [0.001] -- time: 57.85203766822815s]  --- Acc_train: 0.7478952457613819 --- loss_train : 0.0895046076709037 --- Acc_val: 0.7488153818115546 --- loss_val : 0.08928283986972481 --- f1_score: 0.7495854921100376
[epoch: 13 -- Lr: [0.001] -- time: 74.07422709465027s]  --- Acc_train: 0.7482293739147163 --- loss_train : 0.08940836168749954 --- Acc_val: 0.7505923090942227 --- loss_val : 0.08964068411498592 --- f1_score: 0.75108912851149
[epoch: 14 -- Lr: [0.001] -- time: 50.649508476257324s]  --- Acc_train: 0.749297571495831 --- loss_train : 0.08911397698518993 --- Acc_val: 0.7437124111536358 --- loss_val : 0.0891305264054425 --- f1_score: 0.7446131751386651
[epoch: 15 -- Lr: [0.001] -- time: 60.64245367050171s]  --- Acc_train: 0.7498038262736104 --- loss_train : 0.088922855253441 --- Acc_val: 0.7477218880991434 --- loss_val : 0.08905645753355305 --- f1_score: 0.7485773511042033
[epoch: 16 -- Lr: [0.001] -- time: 53.091450214385986s]  --- Acc_train: 0.750380956720279 --- loss_train : 0.08870716751623875 --- Acc_val: 0.75031893566612 --- loss_val : 0.08869936080353716 --- f1_score: 0.7510604261877221
[epoch: 17 -- Lr: [0.001] -- time: 59.64216613769531s]  --- Acc_train: 0.7516162183780609 --- loss_train : 0.08844263746349396 --- Acc_val: 0.7507289958082741 --- loss_val : 0.0887687425482934 --- f1_score: 0.7514615836383562
[epoch: 18 -- Lr: [0.001] -- time: 64.61908602714539s]  --- Acc_train: 0.7532159834758441 --- loss_train : 0.08806425017171433 --- Acc_val: 0.7477674503371605 --- loss_val : 0.08870424183634616 --- f1_score: 0.7485989744926035
[epoch: 19 -- Lr: [0.001] -- time: 41.7557258605957s]  --- Acc_train: 0.752107285512507 --- loss_train : 0.08817072129629017 --- Acc_val: 0.7560142154182613 --- loss_val : 0.08858660451077494 --- f1_score: 0.7564654050635158
[epoch: 20 -- Lr: [0.001] -- time: 66.0095944404602s]  --- Acc_train: 0.753884239782513 --- loss_train : 0.087931962609885 --- Acc_val: 0.746172772006561 --- loss_val : 0.0886287884707491 --- f1_score: 0.7471271219416484
[epoch: 21 -- Lr: [0.001] -- time: 51.957247495651245s]  --- Acc_train: 0.7547296852614046 --- loss_train : 0.08770543824180604 --- Acc_val: 0.7499544377619829 --- loss_val : 0.08885942243196948 --- f1_score: 0.7507183603061143
[epoch: 22 -- Lr: [0.001] -- time: 66.03806495666504s]  --- Acc_train: 0.7550840636058502 --- loss_train : 0.08755462101067785 --- Acc_val: 0.7548295972298159 --- loss_val : 0.08830939859242197 --- f1_score: 0.7555735025545687
[epoch: 23 -- Lr: [0.001] -- time: 61.94497632980347s]  --- Acc_train: 0.7551195014402948 --- loss_train : 0.08759359294037775 --- Acc_val: 0.7448970293420812 --- loss_val : 0.08867690421020592 --- f1_score: 0.7456267045977232
[epoch: 24 -- Lr: [0.001] -- time: 53.883044481277466s]  --- Acc_train: 0.7559649469191866 --- loss_train : 0.08751633254011129 --- Acc_val: 0.7449881538181156 --- loss_val : 0.08921004496896516 --- f1_score: 0.7454100240970069
[epoch: 25 -- Lr: [0.001] -- time: 67.24220585823059s]  --- Acc_train: 0.7559446967280754 --- loss_train : 0.08735643469298494 --- Acc_val: 0.7540094769455076 --- loss_val : 0.08779468305582838 --- f1_score: 0.7549925273428264
[epoch: 26 -- Lr: [0.001] -- time: 50.19015693664551s]  --- Acc_train: 0.7572002085769685 --- loss_train : 0.08725558772626033 --- Acc_val: 0.7439857845817387 --- loss_val : 0.08888842222507393 --- f1_score: 0.7447289311094013
[epoch: 27 -- Lr: [0.001] -- time: 75.44519972801208s]  --- Acc_train: 0.7571445205514127 --- loss_train : 0.08712517208379818 --- Acc_val: 0.7562875888463642 --- loss_val : 0.08759680138658432 --- f1_score: 0.7570296281574607
[epoch: 28 -- Lr: [0.001] -- time: 44.433488845825195s]  --- Acc_train: 0.7565268897225218 --- loss_train : 0.08706323328403014 --- Acc_val: 0.752095862948788 --- loss_val : 0.08729357939235988 --- f1_score: 0.7528976726835763
[epoch: 29 -- Lr: [0.001] -- time: 64.01707911491394s]  --- Acc_train: 0.7567597669203003 --- loss_train : 0.0869267597326731 --- Acc_val: 0.7482230727173319 --- loss_val : 0.088423912583378 --- f1_score: 0.7486949465441008
[epoch: 30 -- Lr: [0.001] -- time: 61.057223081588745s]  --- Acc_train: 0.7569268309969676 --- loss_train : 0.08689855145835025 --- Acc_val: 0.753462730089302 --- loss_val : 0.08772389735580208 --- f1_score: 0.7542485172961075
[epoch: 31 -- Lr: [0.001] -- time: 50.828474283218384s]  --- Acc_train: 0.7579393405525264 --- loss_train : 0.08681545372758466 --- Acc_val: 0.7539639147074905 --- loss_val : 0.08771403804169611 --- f1_score: 0.7549678861552233
[epoch: 32 -- Lr: [0.0009000000000000001] -- time: 70.58738780021667s]  --- Acc_train: 0.7587240354580846 --- loss_train : 0.08644971042616259 --- Acc_val: 0.7515491160925825 --- loss_val : 0.08794760608403135 --- f1_score: 0.7524530796724709
[epoch: 33 -- Lr: [0.0008100000000000001] -- time: 49.92493677139282s]  --- Acc_train: 0.7598529836125328 --- loss_train : 0.0862945688176654 --- Acc_val: 0.7481319482412976 --- loss_val : 0.08777494661685095 --- f1_score: 0.7489460148933074
[epoch: 34 -- Lr: [0.0007290000000000002] -- time: 70.8682382106781s]  --- Acc_train: 0.759873233803644 --- loss_train : 0.0858456846470422 --- Acc_val: 0.7530071077091307 --- loss_val : 0.08734510119125428 --- f1_score: 0.75384084760013
[epoch: 35 -- Lr: [0.0006561000000000001] -- time: 51.04321575164795s]  --- Acc_train: 0.7618729401758729 --- loss_train : 0.08570425545189353 --- Acc_val: 0.7580189538910151 --- loss_val : 0.0870066035873413 --- f1_score: 0.7587521329347067
[epoch: 36 -- Lr: [0.00059049] -- time: 63.98724961280823s]  --- Acc_train: 0.761797001959206 --- loss_train : 0.08533370888772099 --- Acc_val: 0.7556952797521415 --- loss_val : 0.0871716526294329 --- f1_score: 0.756624685955141
[epoch: 37 -- Lr: [0.000531441] -- time: 61.70789861679077s]  --- Acc_train: 0.7625006961003195 --- loss_train : 0.08512677328957105 --- Acc_val: 0.7609804993621286 --- loss_val : 0.08715359678368483 --- f1_score: 0.7613712605894263
[epoch: 38 -- Lr: [0.0004782969000000001] -- time: 56.96213150024414s]  --- Acc_train: 0.7636600195414345 --- loss_train : 0.08479056491021143 --- Acc_val: 0.7567432112265354 --- loss_val : 0.08683207684507874 --- f1_score: 0.7577115206367941
[epoch: 39 -- Lr: [0.0004304672100000001] -- time: 70.4294695854187s]  --- Acc_train: 0.7631082018336548 --- loss_train : 0.08471942383774914 --- Acc_val: 0.7595680699835976 --- loss_val : 0.08686059411507703 --- f1_score: 0.7602964856651888
[epoch: 40 -- Lr: [0.0003874204890000001] -- time: 43.638126373291016s]  --- Acc_train: 0.7636043315158787 --- loss_train : 0.08445739890465523 --- Acc_val: 0.7569710224166211 --- loss_val : 0.08671641820179789 --- f1_score: 0.757932520751687
[epoch: 41 -- Lr: [0.0003486784401000001] -- time: 71.43888258934021s]  --- Acc_train: 0.7645611530458819 --- loss_train : 0.08429681584263451 --- Acc_val: 0.7519136139967195 --- loss_val : 0.08706033653698673 --- f1_score: 0.7526203944185524
[epoch: 42 -- Lr: [0.0003138105960900001] -- time: 50.621065855026245s]  --- Acc_train: 0.7646522789058822 --- loss_train : 0.08414909968198811 --- Acc_val: 0.7591124476034263 --- loss_val : 0.08654282552560419 --- f1_score: 0.7598594455349934
[epoch: 43 -- Lr: [0.0002824295364810001] -- time: 64.97348833084106s]  --- Acc_train: 0.7658774154681085 --- loss_train : 0.08395510857425406 --- Acc_val: 0.7574266447967924 --- loss_val : 0.08675572926549383 --- f1_score: 0.7582205153032874
[epoch: 44 -- Lr: [0.0002541865828329001] -- time: 58.192286252975464s]  --- Acc_train: 0.7652597846392175 --- loss_train : 0.08372699229410449 --- Acc_val: 0.7568798979405869 --- loss_val : 0.08688529358138711 --- f1_score: 0.7576896038526231
[epoch: 45 -- Lr: [0.0002287679245496101] -- time: 43.97659516334534s]  --- Acc_train: 0.7662267312647764 --- loss_train : 0.08369351830150028 --- Acc_val: 0.7601603790778203 --- loss_val : 0.08634404634136254 --- f1_score: 0.7609007011386323
[epoch: 46 -- Lr: [0.0002058911320946491] -- time: 67.11753964424133s]  --- Acc_train: 0.766581109609222 --- loss_train : 0.08353599975983132 --- Acc_val: 0.7592491343174776 --- loss_val : 0.08631848400691652 --- f1_score: 0.7600696732457043
[epoch: 47 -- Lr: [0.00018530201888518417] -- time: 50.759435415267944s]  --- Acc_train: 0.7670215512658901 --- loss_train : 0.08343568953786701 --- Acc_val: 0.7589301986513578 --- loss_val : 0.08648227064534181 --- f1_score: 0.7597754237468735
[epoch: 48 -- Lr: [0.00016677181699666576] -- time: 63.966198682785034s]  --- Acc_train: 0.7667228609470002 --- loss_train : 0.08334315771802407 --- Acc_val: 0.7552852196099873 --- loss_val : 0.08693343249539498 --- f1_score: 0.7560008820263505
[epoch: 49 -- Lr: [0.00015009463529699917] -- time: 67.68145847320557s]  --- Acc_train: 0.7667582987814447 --- loss_train : 0.0832983347425395 --- Acc_val: 0.7581556406050666 --- loss_val : 0.08649484074405042 --- f1_score: 0.7589542430987318
[epoch: 50 -- Lr: [0.0001350851717672993] -- time: 47.73226356506348s]  --- Acc_train: 0.7675834940692253 --- loss_train : 0.08325169155804643 --- Acc_val: 0.7576544559868781 --- loss_val : 0.08641000889539964 --- f1_score: 0.7585153679494787
[epoch: 51 -- Lr: [0.00012157665459056935] -- time: 69.5813479423523s]  --- Acc_train: 0.7681960623503384 --- loss_train : 0.0832349050486721 --- Acc_val: 0.7573355203207581 --- loss_val : 0.08661132597879079 --- f1_score: 0.7582289412646761
[epoch: 52 -- Lr: [0.00010941898913151242] -- time: 52.02532720565796s]  --- Acc_train: 0.7679783727958933 --- loss_train : 0.08298355461484244 --- Acc_val: 0.7598870056497176 --- loss_val : 0.08628809788971102 --- f1_score: 0.7607545555952379
[epoch: 53 -- Lr: [9.847709021836118e-05] -- time: 63.461724042892456s]  --- Acc_train: 0.7675024933047806 --- loss_train : 0.08297911015686713 --- Acc_val: 0.7591124476034263 --- loss_val : 0.08631202396381298 --- f1_score: 0.7599327099302271
[epoch: 54 -- Lr: [8.862938119652506e-05] -- time: 66.99938774108887s]  --- Acc_train: 0.7686668792936734 --- loss_train : 0.08295231225871623 --- Acc_val: 0.7591580098414434 --- loss_val : 0.08630796373955557 --- f1_score: 0.7600243680982404
[epoch: 55 -- Lr: [7.976644307687256e-05] -- time: 41.733593225479126s]  --- Acc_train: 0.7676189319036698 --- loss_train : 0.08305529703953705 --- Acc_val: 0.7582923273191179 --- loss_val : 0.08641650286166411 --- f1_score: 0.759175718552402
[epoch: 56 -- Lr: [7.17897987691853e-05] -- time: 70.71025037765503s]  --- Acc_train: 0.7681504994203383 --- loss_train : 0.08285809944867441 --- Acc_val: 0.7582923273191179 --- loss_val : 0.08631979220739724 --- f1_score: 0.7592003879876008
[epoch: 57 -- Lr: [6.461081889226677e-05] -- time: 54.836727142333984s]  --- Acc_train: 0.7686770043892289 --- loss_train : 0.08296229258724512 --- Acc_val: 0.7601603790778203 --- loss_val : 0.08625832911763814 --- f1_score: 0.7609331766943598
[epoch: 58 -- Lr: [5.8149737003040094e-05] -- time: 57.25956845283508s]  --- Acc_train: 0.7687175047714513 --- loss_train : 0.08282721744320158 --- Acc_val: 0.7570621468926554 --- loss_val : 0.08639887126156519 --- f1_score: 0.7579154703818604
[epoch: 59 -- Lr: [5.233476330273609e-05] -- time: 67.49786853790283s]  --- Acc_train: 0.7686365040070066 --- loss_train : 0.08288914215861956 --- Acc_val: 0.7594769455075633 --- loss_val : 0.08632602444660238 --- f1_score: 0.7603237263232088
[epoch: 60 -- Lr: [4.7101286972462485e-05] -- time: 41.51504373550415s]  --- Acc_train: 0.7682973133058943 --- loss_train : 0.08281521495998964 --- Acc_val: 0.7581556406050666 --- loss_val : 0.08635276974975326 --- f1_score: 0.7590098776750145
[epoch: 61 -- Lr: [4.239115827521624e-05] -- time: 68.27819156646729s]  --- Acc_train: 0.7685504406947841 --- loss_train : 0.08277824087205797 --- Acc_val: 0.759021323127392 --- loss_val : 0.08633498210333793 --- f1_score: 0.7598273399209599
[epoch: 62 -- Lr: [3.8152042447694614e-05] -- time: 57.253156661987305s]  --- Acc_train: 0.7687580051536737 --- loss_train : 0.08274878379093249 --- Acc_val: 0.7575177692728267 --- loss_val : 0.08639798632460716 --- f1_score: 0.7583938114465345
[epoch: 63 -- Lr: [3.433683820292515e-05] -- time: 53.5312385559082s]  --- Acc_train: 0.7687124422236735 --- loss_train : 0.08281852692328762 --- Acc_val: 0.7581100783670494 --- loss_val : 0.08635448108791555 --- f1_score: 0.758971861059479
[epoch: 64 -- Lr: [3.090315438263264e-05] -- time: 61.14727759361267s]  --- Acc_train: 0.7692490722881197 --- loss_train : 0.0826290477845495 --- Acc_val: 0.7568798979405869 --- loss_val : 0.08641679371002452 --- f1_score: 0.7577493567543284
[epoch: 65 -- Lr: [2.7812838944369376e-05] -- time: 46.37169623374939s]  --- Acc_train: 0.7690566954725635 --- loss_train : 0.0826360616115712 --- Acc_val: 0.758702387461272 --- loss_val : 0.0862427116217594 --- f1_score: 0.7595719777123083
[epoch: 66 -- Lr: [2.5031555049932436e-05] -- time: 61.08234715461731s]  --- Acc_train: 0.7689200066825631 --- loss_train : 0.08270143082526196 --- Acc_val: 0.7570621468926554 --- loss_val : 0.08637680376688171 --- f1_score: 0.7579351765772278
[epoch: 67 -- Lr: [2.2528399544939195e-05] -- time: 66.40988945960999s]  --- Acc_train: 0.7688997564914519 --- loss_train : 0.08260926447236297 --- Acc_val: 0.7591124476034263 --- loss_val : 0.08627158321183998 --- f1_score: 0.7599465288922881
[epoch: 68 -- Lr: [2.0275559590445276e-05] -- time: 43.594048738479614s]  --- Acc_train: 0.7687782553447848 --- loss_train : 0.08273154308567032 --- Acc_val: 0.7585657007472207 --- loss_val : 0.08630828358426716 --- f1_score: 0.7594580794061705
[epoch: 69 -- Lr: [1.824800363140075e-05] -- time: 62.80640268325806s]  --- Acc_train: 0.7688541935614517 --- loss_train : 0.08270553831613253 --- Acc_val: 0.7577455804629123 --- loss_val : 0.08634116005870145 --- f1_score: 0.7586092767041626
[epoch: 70 -- Lr: [1.6423203268260675e-05] -- time: 52.976943492889404s]  --- Acc_train: 0.7687731927970071 --- loss_train : 0.0826378765255761 --- Acc_val: 0.758337889557135 --- loss_val : 0.08631695758808537 --- f1_score: 0.7591954459023543
[epoch: 71 -- Lr: [1.4780882941434608e-05] -- time: 47.92226696014404s]  --- Acc_train: 0.7696895139447879 --- loss_train : 0.08257203348442235 --- Acc_val: 0.7577455804629123 --- loss_val : 0.08636743306081901 --- f1_score: 0.7586097108280675
[epoch: 72 -- Lr: [1.3302794647291146e-05] -- time: 65.11441540718079s]  --- Acc_train: 0.7690364452814523 --- loss_train : 0.08256689556876784 --- Acc_val: 0.7571532713686896 --- loss_val : 0.08640209683302444 --- f1_score: 0.7580149419893705
[epoch: 73 -- Lr: [1.1972515182562033e-05] -- time: 50.04608106613159s]  --- Acc_train: 0.7685858785292287 --- loss_train : 0.08265176549969569 --- Acc_val: 0.7595680699835976 --- loss_val : 0.08631754821498204 --- f1_score: 0.7603889660624136
[epoch: 74 -- Lr: [1.077526366430583e-05] -- time: 60.263734579086304s]  --- Acc_train: 0.7690060699947856 --- loss_train : 0.08256041742978751 --- Acc_val: 0.7588390741753235 --- loss_val : 0.086309687147554 --- f1_score: 0.7597263865281393
[epoch: 75 -- Lr: [9.697737297875246e-06] -- time: 69.54991388320923s]  --- Acc_train: 0.7691579464281194 --- loss_train : 0.08244230663624291 --- Acc_val: 0.7598414434117003 --- loss_val : 0.08630875909580742 --- f1_score: 0.7606503032946229
[epoch: 76 -- Lr: [8.727963568087722e-06] -- time: 47.07485866546631s]  --- Acc_train: 0.7686921920325623 --- loss_train : 0.082632795550651 --- Acc_val: 0.758702387461272 --- loss_val : 0.0863745474087503 --- f1_score: 0.7595507075818414
[epoch: 77 -- Lr: [7.85516721127895e-06] -- time: 63.15919375419617s]  --- Acc_train: 0.7701097054103448 --- loss_train : 0.08253676423945115 --- Acc_val: 0.7590668853654091 --- loss_val : 0.08631691042613505 --- f1_score: 0.7599116849827005
[epoch: 78 -- Lr: [7.069650490151056e-06] -- time: 51.796037912368774s]  --- Acc_train: 0.769218697001453 --- loss_train : 0.08255755712997788 --- Acc_val: 0.7589757608893749 --- loss_val : 0.08630996021180666 --- f1_score: 0.7598187556132483
[epoch: 79 -- Lr: [6.36268544113595e-06] -- time: 59.23131465911865s]  --- Acc_train: 0.7686466291025622 --- loss_train : 0.08260450726433832 --- Acc_val: 0.7577455804629123 --- loss_val : 0.08640179369142147 --- f1_score: 0.7586031190496862
[epoch: 80 -- Lr: [5.726416897022355e-06] -- time: 67.73595380783081s]  --- Acc_train: 0.7692642599314531 --- loss_train : 0.08266905800172446 --- Acc_val: 0.7582923273191179 --- loss_val : 0.0863529039524168 --- f1_score: 0.7591619883604596
[epoch: 81 -- Lr: [5.15377520732012e-06] -- time: 49.301827907562256s]  --- Acc_train: 0.7693199479570089 --- loss_train : 0.08254767484646833 --- Acc_val: 0.758656825223255 --- loss_val : 0.0863805722202573 --- f1_score: 0.759502092080783
[epoch: 82 -- Lr: [4.638397686588108e-06] -- time: 63.00265955924988s]  --- Acc_train: 0.7694870120336761 --- loss_train : 0.08268591563380213 --- Acc_val: 0.7588390741753235 --- loss_val : 0.08629253499380017 --- f1_score: 0.7597199317154283
[epoch: 83 -- Lr: [4.174557917929297e-06] -- time: 49.96565508842468s]  --- Acc_train: 0.7697502645181213 --- loss_train : 0.08241253827621735 --- Acc_val: 0.758337889557135 --- loss_val : 0.08641461271330375 --- f1_score: 0.7591814935125054
[epoch: 84 -- Lr: [3.7571021261363675e-06] -- time: 60.1210732460022s]  --- Acc_train: 0.769193384262564 --- loss_train : 0.08254690953312807 --- Acc_val: 0.7584745762711864 --- loss_val : 0.0863302902877235 --- f1_score: 0.7593320782708618
[epoch: 85 -- Lr: [3.381391913522731e-06] -- time: 65.27500796318054s]  --- Acc_train: 0.7689098815870075 --- loss_train : 0.08252078657220473 --- Acc_val: 0.7583834517951522 --- loss_val : 0.08636549011347679 --- f1_score: 0.7592315417549202
[epoch: 86 -- Lr: [3.0432527221704577e-06] -- time: 54.54159736633301s]  --- Acc_train: 0.7686567541981177 --- loss_train : 0.08247320960001536 --- Acc_val: 0.7584290140331693 --- loss_val : 0.08634583083680829 --- f1_score: 0.7592836414374916
[epoch: 87 -- Lr: [2.7389274499534123e-06] -- time: 73.72289776802063s]  --- Acc_train: 0.7689655696125632 --- loss_train : 0.08255972498428561 --- Acc_val: 0.757973391652998 --- loss_val : 0.08631205542247743 --- f1_score: 0.758846536338956
[epoch: 88 -- Lr: [2.465034704958071e-06] -- time: 42.00370192527771s]  --- Acc_train: 0.7689858198036744 --- loss_train : 0.08257919458442425 --- Acc_val: 0.757973391652998 --- loss_val : 0.08635894594110638 --- f1_score: 0.758831847879728
[epoch: 89 -- Lr: [2.218531234462264e-06] -- time: 69.08813691139221s]  --- Acc_train: 0.7686567541981177 --- loss_train : 0.08254348910197776 --- Acc_val: 0.7602059413158374 --- loss_val : 0.08630918586024677 --- f1_score: 0.7610197585925196
[epoch: 90 -- Lr: [1.9966781110160375e-06] -- time: 55.68634247779846s]  --- Acc_train: 0.7684238770003392 --- loss_train : 0.08246868122460856 --- Acc_val: 0.7594769455075633 --- loss_val : 0.08634930753091628 --- f1_score: 0.7603134362640402
[epoch: 91 -- Lr: [1.797010299914434e-06] -- time: 65.6934015750885s]  --- Acc_train: 0.7691984468103418 --- loss_train : 0.08248979631290913 --- Acc_val: 0.758702387461272 --- loss_val : 0.08634558064575458 --- f1_score: 0.7595441129065078
[epoch: 92 -- Lr: [1.6173092699229906e-06] -- time: 60.22417378425598s]  --- Acc_train: 0.7680543110125602 --- loss_train : 0.0825488053856293 --- Acc_val: 0.7584745762711864 --- loss_val : 0.08637230201122618 --- f1_score: 0.7593225189199043
[epoch: 93 -- Lr: [1.4555783429306915e-06] -- time: 56.02504873275757s]  --- Acc_train: 0.7691022584025636 --- loss_train : 0.08248468977138576 --- Acc_val: 0.7582012028430837 --- loss_val : 0.0863275382139324 --- f1_score: 0.7590664149203992
[epoch: 94 -- Lr: [1.3100205086376223e-06] -- time: 73.0093731880188s]  --- Acc_train: 0.7694009487214536 --- loss_train : 0.0824981205580003 --- Acc_val: 0.759340258793512 --- loss_val : 0.08636043330553665 --- f1_score: 0.7601820182267705
[epoch: 95 -- Lr: [1.1790184577738603e-06] -- time: 44.165600299835205s]  --- Acc_train: 0.7696642012058988 --- loss_train : 0.08250948246235736 --- Acc_val: 0.7585201385092035 --- loss_val : 0.08631689215228115 --- f1_score: 0.7593857472304713
[epoch: 96 -- Lr: [1.061116611996474e-06] -- time: 71.0578281879425s]  --- Acc_train: 0.7694718243903427 --- loss_train : 0.08253300808770998 --- Acc_val: 0.7583834517951522 --- loss_val : 0.08630413730617388 --- f1_score: 0.7592448099137296
[epoch: 97 -- Lr: [9.550049507968267e-07] -- time: 48.54924178123474s]  --- Acc_train: 0.7685453781470063 --- loss_train : 0.08247134825649394 --- Acc_val: 0.7583834517951522 --- loss_val : 0.08633792607053456 --- f1_score: 0.7592308124202415
[epoch: 98 -- Lr: [8.595044557171441e-07] -- time: 60.399961709976196s]  --- Acc_train: 0.76934019814812 --- loss_train : 0.08248501395078309 --- Acc_val: 0.758656825223255 --- loss_val : 0.08633959093999308 --- f1_score: 0.7595181048353672
[epoch: 99 -- Lr: [7.735540101454298e-07] -- time: 64.895015001297s]  --- Acc_train: 0.7691022584025636 --- loss_train : 0.0824715679035479 --- Acc_val: 0.7591580098414434 --- loss_val : 0.08632937429852569 --- f1_score: 0.7600036349939733
wandb: Waiting for W&B process to finish... (success).
wandb: - 0.002 MB of 0.002 MB uploaded (0.000 MB deduped)wandb: \ 0.002 MB of 0.002 MB uploaded (0.000 MB deduped)wandb: | 0.002 MB of 0.029 MB uploaded (0.000 MB deduped)wandb: / 0.029 MB of 0.029 MB uploaded (0.000 MB deduped)wandb: - 0.029 MB of 0.029 MB uploaded (0.000 MB deduped)wandb: 
wandb: Run history:
wandb:  acc_train ▁▅▆▆▇▇▇▇▇▇▇▇▇███████████████████████████
wandb:    acc_val ▁▃▅▆▆▇▇▇▇▆▆▇▇▇▇█▇███████████████████████
wandb:   f1_score ▁▃▅▆▆▇▇▇▇▆▆▇▇▇██▇███████████████████████
wandb: loss_train █▄▃▃▃▂▂▂▂▂▂▂▂▂▂▁▁▁▁▁▁▁▁▁▁▁▁▁▁▁▁▁▁▁▁▁▁▁▁▁
wandb:   loss_val █▅▄▃▃▂▂▂▂▂▂▁▂▁▁▁▁▁▁▁▁▁▁▁▁▁▁▁▁▁▁▁▁▁▁▁▁▁▁▁
wandb: 
wandb: Run summary:
wandb:  acc_train 0.76845
wandb:    acc_val 0.75852
wandb:   f1_score 0.75938
wandb: loss_train 0.08265
wandb:   loss_val 0.08632
wandb: 
wandb: 🚀 View run WES_ws_16 at: https://wandb.ai/huyennm/Mutation_Detection_With_CNN%20/runs/rq5zpq4i
wandb: Synced 5 W&B file(s), 0 media file(s), 0 artifact file(s) and 0 other file(s)
wandb: Find logs at: ./wandb/run-20230614_173218-rq5zpq4i/logs
[epoch: 100 -- Lr: [6.961986091308867e-07] -- time: 55.86490345001221s]  --- Acc_train: 0.7684491897392282 --- loss_train : 0.08264693091845719 --- Acc_val: 0.7585201385092035 --- loss_val : 0.08631673795854117 --- f1_score: 0.7593806401355366
****** Testing model with best checkpoint******
[491. 228.  10.] [597. 283.  16.] [0.82244556 0.80565371 0.625     ] 0.8136160714285714
              precision    recall  f1-score   support

           0       0.89      0.82      0.85       597
           1       0.69      0.81      0.74       283
           2       0.71      0.62      0.67        16

    accuracy                           0.81       896
   macro avg       0.76      0.75      0.76       896
weighted avg       0.82      0.81      0.82       896

****** Testing model with last checkpoint******
[474. 240.  12.] [597. 283.  16.] [0.79396985 0.84805654 0.75      ] 0.8102678571428571
              precision    recall  f1-score   support

           0       0.91      0.79      0.85       597
           1       0.67      0.85      0.75       283
           2       0.67      0.75      0.71        16

    accuracy                           0.81       896
   macro avg       0.75      0.80      0.77       896
weighted avg       0.83      0.81      0.81       896

